C:\USERS\GLAB.KIETNN\DOCUMENTS\VISUAL STUDIO 2012\PROJECTS\MYDLL\MYDLL\DEBUG\SAMPLECLASS.OBJ
C:\USERS\GLAB.KIETNN\DOCUMENTS\VISUAL STUDIO 2012\PROJECTS\MYDLL\MYDLL\DEBUG\VC110.PDB
C:\USERS\GLAB.KIETNN\DOCUMENTS\VISUAL STUDIO 2012\PROJECTS\MYDLL\DEBUG\MYDLL.ILK
C:\USERS\GLAB.KIETNN\DOCUMENTS\VISUAL STUDIO 2012\PROJECTS\MYDLL\DEBUG\MYDLL.DLL
C:\USERS\GLAB.KIETNN\DOCUMENTS\VISUAL STUDIO 2012\PROJECTS\MYDLL\DEBUG\MYDLL.PDB
c:\users\glab.kietnn\documents\visual studio 2012\Projects\mydll\Debug\mydll.lib
c:\users\glab.kietnn\documents\visual studio 2012\Projects\mydll\Debug\mydll.exp
c:\Users\glab.kietnn\documents\visual studio 2012\Projects\mydll\mydll\Debug\SampleClass.obj
c:\Users\glab.kietnn\documents\visual studio 2012\Projects\mydll\mydll\Debug\cl.command.1.tlog
c:\Users\glab.kietnn\documents\visual studio 2012\Projects\mydll\mydll\Debug\CL.read.1.tlog
c:\Users\glab.kietnn\documents\visual studio 2012\Projects\mydll\mydll\Debug\CL.write.1.tlog
c:\Users\glab.kietnn\documents\visual studio 2012\Projects\mydll\mydll\Debug\link-cvtres.read.1.tlog
c:\Users\glab.kietnn\documents\visual studio 2012\Projects\mydll\mydll\Debug\link-cvtres.write.1.tlog
c:\Users\glab.kietnn\documents\visual studio 2012\Projects\mydll\mydll\Debug\link-rc.read.1.tlog
c:\Users\glab.kietnn\documents\visual studio 2012\Projects\mydll\mydll\Debug\link-rc.write.1.tlog
c:\Users\glab.kietnn\documents\visual studio 2012\Projects\mydll\mydll\Debug\link.command.1.tlog
c:\Users\glab.kietnn\documents\visual studio 2012\Projects\mydll\mydll\Debug\link.read.1.tlog
c:\Users\glab.kietnn\documents\visual studio 2012\Projects\mydll\mydll\Debug\link.write.1.tlog
c:\Users\glab.kietnn\documents\visual studio 2012\Projects\mydll\mydll\Debug\mydll.write.1.tlog
c:\Users\glab.kietnn\documents\visual studio 2012\Projects\mydll\mydll\Debug\vc110.idb
c:\Users\glab.kietnn\documents\visual studio 2012\Projects\mydll\mydll\Debug\vc110.pdb
c:\users\glab.kietnn\documents\visual studio 2012\Projects\mydll\Debug\mydll.pdb
c:\users\glab.kietnn\documents\visual studio 2012\Projects\mydll\Debug\mydll.dll
c:\users\glab.kietnn\documents\visual studio 2012\Projects\mydll\Debug\mydll.ilk
